Step: build-step-credential-initializer:

{"level":"warn","ts":1550741648.9116075,"logger":"fallback-logger","caller":"logging/config.go:65","msg":"Fetch GitHub commit ID from kodata failed: \"ref: refs/heads/test\" is not a valid GitHub commit ID"}
{"level":"info","ts":1550741648.9120243,"logger":"fallback-logger","caller":"creds-init/main.go:40","msg":"Credentials initialized."}
Step: build-step-git-source-0:

{"level":"warn","ts":1550741651.7182457,"logger":"fallback-logger","caller":"logging/config.go:65","msg":"Fetch GitHub commit ID from kodata failed: \"ref: refs/heads/test\" is not a valid GitHub commit ID"}
{"level":"info","ts":1550741652.5971453,"logger":"fallback-logger","caller":"git-init/main.go:92","msg":"Successfully cloned \"https://github.com/AlbertCampde/my-first-microservice.git\" @ \"master\" in path \"/workspace\""}
Step: build-step-jenkins:

Picked up _JAVA_OPTIONS: -Xmx400m
Started
Running in Durability level: PERFORMANCE_OPTIMIZED
  21.037 [id=69]	WARNING	i.f.k.c.i.VersionUsageUtils#alert: The client is using resource type 'customresourcedefinitions' with unstable version 'v1beta1'
[Pipeline] node
Running on Jenkins in /tmp/jenkinsTests.tmp/jenkins4897236267298625716test/workspace/job
[Pipeline] {
[Pipeline] stage
[Pipeline] { (Declarative: Checkout SCM)
[Pipeline] checkout
[Pipeline] }
[Pipeline] // stage
[Pipeline] withCredentials
[Pipeline] {
[Pipeline] withEnv
[Pipeline] {
[Pipeline] stage
[Pipeline] { (CI Build and push snapshot)
Stage "CI Build and push snapshot" skipped due to when conditional
[Pipeline] }
[Pipeline] // stage
[Pipeline] stage
[Pipeline] { (Build Release)
[Pipeline] dir
Running in /home/jenkins/go/src/github.com/albertcampde/my-first-microservice
[Pipeline] {
[Pipeline] git
Cloning the remote Git repository
Cloning repository https://github.com/albertcampde/my-first-microservice.git
 > git init /home/jenkins/go/src/github.com/albertcampde/my-first-microservice # timeout=10
Fetching upstream changes from https://github.com/albertcampde/my-first-microservice.git
 > git --version # timeout=10
 > git fetch --tags --progress https://github.com/albertcampde/my-first-microservice.git +refs/heads/*:refs/remotes/origin/*
 > git config remote.origin.url https://github.com/albertcampde/my-first-microservice.git # timeout=10
 > git config --add remote.origin.fetch +refs/heads/*:refs/remotes/origin/* # timeout=10
 > git config remote.origin.url https://github.com/albertcampde/my-first-microservice.git # timeout=10
Fetching upstream changes from https://github.com/albertcampde/my-first-microservice.git
 > git fetch --tags --progress https://github.com/albertcampde/my-first-microservice.git +refs/heads/*:refs/remotes/origin/*
 > git rev-parse refs/remotes/origin/master^{commit} # timeout=10
 > git rev-parse refs/remotes/origin/origin/master^{commit} # timeout=10
Checking out Revision 01fa6d530a1f5fcccd5904578f3023cd47c380a4 (refs/remotes/origin/master)
 > git config core.sparsecheckout # timeout=10
 > git checkout -f 01fa6d530a1f5fcccd5904578f3023cd47c380a4
 > git branch -a -v --no-abbrev # timeout=10
 > git checkout -b master 01fa6d530a1f5fcccd5904578f3023cd47c380a4
Commit message: "Draft create"
First time build. Skipping changelog.
[Pipeline] sh
+ jx-release-version
+ echo 0.0.1
[Pipeline] sh
+ cat VERSION
+ jx step tag --version 0.0.1
Tag v0.0.1 created and pushed to remote origin
[Pipeline] sh
+ make build
CGO_ENABLED=0 GO15VENDOREXPERIMENT=1 go build -ldflags '' -o bin/my-first-microservice main.go
[Pipeline] sh
+ cat VERSION
+ export VERSION=0.0.1
+ skaffold build -f skaffold.yaml
time="2019-02-21T09:38:18Z" level=warning msg="config version (skaffold/v1beta2) out of date: upgrading to latest (skaffold/v1beta3)"
Starting build...
Building [changeme]...
Sending build context to Docker daemon  525.8kBSending build context to Docker daemon  6.502MB
Step 1/4 : FROM scratch
 ---> 
Step 2/4 : EXPOSE 8080
 ---> Running in 45f7e2e043e3
 ---> 854ffc50b142
Step 3/4 : ENTRYPOINT ["/my-first-microservice"]
 ---> Running in 535ccfe5e374
 ---> d44829340a49
Step 4/4 : COPY ./bin/ /
 ---> 0f3370c7cafe
Successfully built 0f3370c7cafe
Successfully tagged 743b926b66f6a4e7297ac2676d8b910b:latest
The push refers to repository [10.104.170.89:5000/albertcampde/my-first-microservice]
time="2019-02-21T09:38:20Z" level=fatal msg="build failed: building [changeme]: tagging: pushing: Get https://10.104.170.89:5000/v2/: http: server gave HTTP response to HTTPS client"
[Pipeline] }
[Pipeline] // dir
[Pipeline] }
[Pipeline] // stage
[Pipeline] stage
[Pipeline] { (Promote to Environments)
Stage "Promote to Environments" skipped due to earlier failure(s)
[Pipeline] }
[Pipeline] // stage
[Pipeline] }
[Pipeline] // withEnv
[Pipeline] }
[Pipeline] // withCredentials
[Pipeline] }
[Pipeline] // node
[Pipeline] End of Pipeline
ERROR: script returned exit code 1
Finished: FAILURE
